  Actor.cpp
d:\universidad\4to\animacion 3d avanzada\2\documentation angel libs\práctica 2 animación 3d\libraries\bullet-2.87\src\linearmath\btidebugdraw.h(169): warning C4305: 'argumento': truncamiento de 'double' a 'const btScalar'
d:\universidad\4to\animacion 3d avanzada\2\documentation angel libs\práctica 2 animación 3d\libraries\bullet-2.87\src\linearmath\btidebugdraw.h(170): warning C4305: 'argumento': truncamiento de 'double' a 'const btScalar'
d:\universidad\4to\animacion 3d avanzada\2\documentation angel libs\práctica 2 animación 3d\libraries\bullet-2.87\src\linearmath\btidebugdraw.h(171): warning C4305: 'argumento': truncamiento de 'double' a 'const btScalar'
d:\universidad\4to\animacion 3d avanzada\2\documentation angel libs\práctica 2 animación 3d\code\source\actor.cpp(40): warning C4305: 'argumento': truncamiento de 'double' a 'btScalar'
  Catapult.cpp
d:\universidad\4to\animacion 3d avanzada\2\documentation angel libs\práctica 2 animación 3d\libraries\bullet-2.87\src\linearmath\btidebugdraw.h(169): warning C4305: 'argumento': truncamiento de 'double' a 'const btScalar'
d:\universidad\4to\animacion 3d avanzada\2\documentation angel libs\práctica 2 animación 3d\libraries\bullet-2.87\src\linearmath\btidebugdraw.h(170): warning C4305: 'argumento': truncamiento de 'double' a 'const btScalar'
d:\universidad\4to\animacion 3d avanzada\2\documentation angel libs\práctica 2 animación 3d\libraries\bullet-2.87\src\linearmath\btidebugdraw.h(171): warning C4305: 'argumento': truncamiento de 'double' a 'const btScalar'
d:\universidad\4to\animacion 3d avanzada\2\documentation angel libs\práctica 2 animación 3d\code\source\catapult.cpp(10): warning C4267: 'argumento': conversión de 'size_t' a '_Elem'; posible pérdida de datos
          with
          [
              _Elem=char
          ]
d:\universidad\4to\animacion 3d avanzada\2\documentation angel libs\práctica 2 animación 3d\code\source\catapult.cpp(12): warning C4267: 'argumento': conversión de 'size_t' a '_Elem'; posible pérdida de datos
          with
          [
              _Elem=char
          ]
d:\universidad\4to\animacion 3d avanzada\2\documentation angel libs\práctica 2 animación 3d\code\source\catapult.cpp(14): warning C4267: 'argumento': conversión de 'size_t' a '_Elem'; posible pérdida de datos
          with
          [
              _Elem=char
          ]
d:\universidad\4to\animacion 3d avanzada\2\documentation angel libs\práctica 2 animación 3d\code\source\catapult.cpp(16): warning C4267: 'argumento': conversión de 'size_t' a '_Elem'; posible pérdida de datos
          with
          [
              _Elem=char
          ]
d:\universidad\4to\animacion 3d avanzada\2\documentation angel libs\práctica 2 animación 3d\code\source\catapult.cpp(18): warning C4267: 'argumento': conversión de 'size_t' a '_Elem'; posible pérdida de datos
          with
          [
              _Elem=char
          ]
d:\universidad\4to\animacion 3d avanzada\2\documentation angel libs\práctica 2 animación 3d\code\source\catapult.cpp(20): warning C4267: 'argumento': conversión de 'size_t' a '_Elem'; posible pérdida de datos
          with
          [
              _Elem=char
          ]
d:\universidad\4to\animacion 3d avanzada\2\documentation angel libs\práctica 2 animación 3d\code\source\catapult.cpp(22): warning C4267: 'argumento': conversión de 'size_t' a '_Elem'; posible pérdida de datos
          with
          [
              _Elem=char
          ]
d:\universidad\4to\animacion 3d avanzada\2\documentation angel libs\práctica 2 animación 3d\code\source\catapult.cpp(48): warning C4305: 'argumento': truncamiento de 'double' a 'btScalar'
  Door.cpp
d:\universidad\4to\animacion 3d avanzada\2\documentation angel libs\práctica 2 animación 3d\libraries\bullet-2.87\src\linearmath\btidebugdraw.h(169): warning C4305: 'argumento': truncamiento de 'double' a 'const btScalar'
d:\universidad\4to\animacion 3d avanzada\2\documentation angel libs\práctica 2 animación 3d\libraries\bullet-2.87\src\linearmath\btidebugdraw.h(170): warning C4305: 'argumento': truncamiento de 'double' a 'const btScalar'
d:\universidad\4to\animacion 3d avanzada\2\documentation angel libs\práctica 2 animación 3d\libraries\bullet-2.87\src\linearmath\btidebugdraw.h(171): warning C4305: 'argumento': truncamiento de 'double' a 'const btScalar'
d:\universidad\4to\animacion 3d avanzada\2\documentation angel libs\práctica 2 animación 3d\code\source\door.cpp(9): warning C4267: 'argumento': conversión de 'size_t' a '_Elem'; posible pérdida de datos
          with
          [
              _Elem=char
          ]
d:\universidad\4to\animacion 3d avanzada\2\documentation angel libs\práctica 2 animación 3d\code\source\door.cpp(11): warning C4267: 'argumento': conversión de 'size_t' a '_Elem'; posible pérdida de datos
          with
          [
              _Elem=char
          ]
d:\universidad\4to\animacion 3d avanzada\2\documentation angel libs\práctica 2 animación 3d\code\source\door.cpp(13): warning C4267: 'argumento': conversión de 'size_t' a '_Elem'; posible pérdida de datos
          with
          [
              _Elem=char
          ]
  Key.cpp
d:\universidad\4to\animacion 3d avanzada\2\documentation angel libs\práctica 2 animación 3d\libraries\bullet-2.87\src\linearmath\btidebugdraw.h(169): warning C4305: 'argumento': truncamiento de 'double' a 'const btScalar'
d:\universidad\4to\animacion 3d avanzada\2\documentation angel libs\práctica 2 animación 3d\libraries\bullet-2.87\src\linearmath\btidebugdraw.h(170): warning C4305: 'argumento': truncamiento de 'double' a 'const btScalar'
d:\universidad\4to\animacion 3d avanzada\2\documentation angel libs\práctica 2 animación 3d\libraries\bullet-2.87\src\linearmath\btidebugdraw.h(171): warning C4305: 'argumento': truncamiento de 'double' a 'const btScalar'
d:\universidad\4to\animacion 3d avanzada\2\documentation angel libs\práctica 2 animación 3d\code\source\key.cpp(9): warning C4267: 'argumento': conversión de 'size_t' a '_Elem'; posible pérdida de datos
          with
          [
              _Elem=char
          ]
  main.cpp
d:\universidad\4to\animacion 3d avanzada\2\documentation angel libs\práctica 2 animación 3d\libraries\bullet-2.87\src\linearmath\btidebugdraw.h(169): warning C4305: 'argumento': truncamiento de 'double' a 'const btScalar'
d:\universidad\4to\animacion 3d avanzada\2\documentation angel libs\práctica 2 animación 3d\libraries\bullet-2.87\src\linearmath\btidebugdraw.h(170): warning C4305: 'argumento': truncamiento de 'double' a 'const btScalar'
d:\universidad\4to\animacion 3d avanzada\2\documentation angel libs\práctica 2 animación 3d\libraries\bullet-2.87\src\linearmath\btidebugdraw.h(171): warning C4305: 'argumento': truncamiento de 'double' a 'const btScalar'
  Platform.cpp
d:\universidad\4to\animacion 3d avanzada\2\documentation angel libs\práctica 2 animación 3d\libraries\bullet-2.87\src\linearmath\btidebugdraw.h(169): warning C4305: 'argumento': truncamiento de 'double' a 'const btScalar'
d:\universidad\4to\animacion 3d avanzada\2\documentation angel libs\práctica 2 animación 3d\libraries\bullet-2.87\src\linearmath\btidebugdraw.h(170): warning C4305: 'argumento': truncamiento de 'double' a 'const btScalar'
d:\universidad\4to\animacion 3d avanzada\2\documentation angel libs\práctica 2 animación 3d\libraries\bullet-2.87\src\linearmath\btidebugdraw.h(171): warning C4305: 'argumento': truncamiento de 'double' a 'const btScalar'
d:\universidad\4to\animacion 3d avanzada\2\documentation angel libs\práctica 2 animación 3d\code\source\platform.cpp(12): warning C4267: 'argumento': conversión de 'size_t' a '_Elem'; posible pérdida de datos
          with
          [
              _Elem=char
          ]
  Scene.cpp
d:\universidad\4to\animacion 3d avanzada\2\documentation angel libs\práctica 2 animación 3d\libraries\bullet-2.87\src\linearmath\btidebugdraw.h(169): warning C4305: 'argumento': truncamiento de 'double' a 'const btScalar'
d:\universidad\4to\animacion 3d avanzada\2\documentation angel libs\práctica 2 animación 3d\libraries\bullet-2.87\src\linearmath\btidebugdraw.h(170): warning C4305: 'argumento': truncamiento de 'double' a 'const btScalar'
d:\universidad\4to\animacion 3d avanzada\2\documentation angel libs\práctica 2 animación 3d\libraries\bullet-2.87\src\linearmath\btidebugdraw.h(171): warning C4305: 'argumento': truncamiento de 'double' a 'const btScalar'
  Generando código
  All 3442 functions were compiled because no usable IPDB/IOBJ from previous compilation was found.
  Generación de código finalizada
  Rigid Bodies.vcxproj -> D:\Universidad\4to\Animacion 3d avanzada\2\documentation angel libs\Práctica 2 Animación 3d\projects\vs-2017\../../binaries/Release\Rigid Bodies.exe
