  Actor.cpp
d:\universidad\4to\animacion 3d avanzada\2\documentation angel libs\práctica 2 animación 3d\libraries\bullet-2.87\src\linearmath\btidebugdraw.h(169): warning C4305: 'argumento': truncamiento de 'double' a 'const btScalar'
d:\universidad\4to\animacion 3d avanzada\2\documentation angel libs\práctica 2 animación 3d\libraries\bullet-2.87\src\linearmath\btidebugdraw.h(170): warning C4305: 'argumento': truncamiento de 'double' a 'const btScalar'
d:\universidad\4to\animacion 3d avanzada\2\documentation angel libs\práctica 2 animación 3d\libraries\bullet-2.87\src\linearmath\btidebugdraw.h(171): warning C4305: 'argumento': truncamiento de 'double' a 'const btScalar'
d:\universidad\4to\animacion 3d avanzada\2\documentation angel libs\práctica 2 animación 3d\code\source\actor.cpp(40): warning C4305: 'argumento': truncamiento de 'double' a 'btScalar'
  Catapult.cpp
d:\universidad\4to\animacion 3d avanzada\2\documentation angel libs\práctica 2 animación 3d\libraries\bullet-2.87\src\linearmath\btidebugdraw.h(169): warning C4305: 'argumento': truncamiento de 'double' a 'const btScalar'
d:\universidad\4to\animacion 3d avanzada\2\documentation angel libs\práctica 2 animación 3d\libraries\bullet-2.87\src\linearmath\btidebugdraw.h(170): warning C4305: 'argumento': truncamiento de 'double' a 'const btScalar'
d:\universidad\4to\animacion 3d avanzada\2\documentation angel libs\práctica 2 animación 3d\libraries\bullet-2.87\src\linearmath\btidebugdraw.h(171): warning C4305: 'argumento': truncamiento de 'double' a 'const btScalar'
d:\universidad\4to\animacion 3d avanzada\2\documentation angel libs\práctica 2 animación 3d\code\source\catapult.cpp(10): warning C4267: 'argumento': conversión de 'size_t' a '_Elem'; posible pérdida de datos
          with
          [
              _Elem=char
          ]
d:\universidad\4to\animacion 3d avanzada\2\documentation angel libs\práctica 2 animación 3d\code\source\catapult.cpp(12): warning C4267: 'argumento': conversión de 'size_t' a '_Elem'; posible pérdida de datos
          with
          [
              _Elem=char
          ]
d:\universidad\4to\animacion 3d avanzada\2\documentation angel libs\práctica 2 animación 3d\code\source\catapult.cpp(14): warning C4267: 'argumento': conversión de 'size_t' a '_Elem'; posible pérdida de datos
          with
          [
              _Elem=char
          ]
d:\universidad\4to\animacion 3d avanzada\2\documentation angel libs\práctica 2 animación 3d\code\source\catapult.cpp(16): warning C4267: 'argumento': conversión de 'size_t' a '_Elem'; posible pérdida de datos
          with
          [
              _Elem=char
          ]
d:\universidad\4to\animacion 3d avanzada\2\documentation angel libs\práctica 2 animación 3d\code\source\catapult.cpp(18): warning C4267: 'argumento': conversión de 'size_t' a '_Elem'; posible pérdida de datos
          with
          [
              _Elem=char
          ]
d:\universidad\4to\animacion 3d avanzada\2\documentation angel libs\práctica 2 animación 3d\code\source\catapult.cpp(20): warning C4267: 'argumento': conversión de 'size_t' a '_Elem'; posible pérdida de datos
          with
          [
              _Elem=char
          ]
d:\universidad\4to\animacion 3d avanzada\2\documentation angel libs\práctica 2 animación 3d\code\source\catapult.cpp(22): warning C4267: 'argumento': conversión de 'size_t' a '_Elem'; posible pérdida de datos
          with
          [
              _Elem=char
          ]
d:\universidad\4to\animacion 3d avanzada\2\documentation angel libs\práctica 2 animación 3d\code\source\catapult.cpp(48): warning C4305: 'argumento': truncamiento de 'double' a 'btScalar'
  Door.cpp
d:\universidad\4to\animacion 3d avanzada\2\documentation angel libs\práctica 2 animación 3d\libraries\bullet-2.87\src\linearmath\btidebugdraw.h(169): warning C4305: 'argumento': truncamiento de 'double' a 'const btScalar'
d:\universidad\4to\animacion 3d avanzada\2\documentation angel libs\práctica 2 animación 3d\libraries\bullet-2.87\src\linearmath\btidebugdraw.h(170): warning C4305: 'argumento': truncamiento de 'double' a 'const btScalar'
d:\universidad\4to\animacion 3d avanzada\2\documentation angel libs\práctica 2 animación 3d\libraries\bullet-2.87\src\linearmath\btidebugdraw.h(171): warning C4305: 'argumento': truncamiento de 'double' a 'const btScalar'
d:\universidad\4to\animacion 3d avanzada\2\documentation angel libs\práctica 2 animación 3d\code\source\door.cpp(9): warning C4267: 'argumento': conversión de 'size_t' a '_Elem'; posible pérdida de datos
          with
          [
              _Elem=char
          ]
d:\universidad\4to\animacion 3d avanzada\2\documentation angel libs\práctica 2 animación 3d\code\source\door.cpp(11): warning C4267: 'argumento': conversión de 'size_t' a '_Elem'; posible pérdida de datos
          with
          [
              _Elem=char
          ]
d:\universidad\4to\animacion 3d avanzada\2\documentation angel libs\práctica 2 animación 3d\code\source\door.cpp(13): warning C4267: 'argumento': conversión de 'size_t' a '_Elem'; posible pérdida de datos
          with
          [
              _Elem=char
          ]
  Key.cpp
d:\universidad\4to\animacion 3d avanzada\2\documentation angel libs\práctica 2 animación 3d\libraries\bullet-2.87\src\linearmath\btidebugdraw.h(169): warning C4305: 'argumento': truncamiento de 'double' a 'const btScalar'
d:\universidad\4to\animacion 3d avanzada\2\documentation angel libs\práctica 2 animación 3d\libraries\bullet-2.87\src\linearmath\btidebugdraw.h(170): warning C4305: 'argumento': truncamiento de 'double' a 'const btScalar'
d:\universidad\4to\animacion 3d avanzada\2\documentation angel libs\práctica 2 animación 3d\libraries\bullet-2.87\src\linearmath\btidebugdraw.h(171): warning C4305: 'argumento': truncamiento de 'double' a 'const btScalar'
d:\universidad\4to\animacion 3d avanzada\2\documentation angel libs\práctica 2 animación 3d\code\source\key.cpp(9): warning C4267: 'argumento': conversión de 'size_t' a '_Elem'; posible pérdida de datos
          with
          [
              _Elem=char
          ]
  main.cpp
d:\universidad\4to\animacion 3d avanzada\2\documentation angel libs\práctica 2 animación 3d\libraries\bullet-2.87\src\linearmath\btidebugdraw.h(169): warning C4305: 'argumento': truncamiento de 'double' a 'const btScalar'
d:\universidad\4to\animacion 3d avanzada\2\documentation angel libs\práctica 2 animación 3d\libraries\bullet-2.87\src\linearmath\btidebugdraw.h(170): warning C4305: 'argumento': truncamiento de 'double' a 'const btScalar'
d:\universidad\4to\animacion 3d avanzada\2\documentation angel libs\práctica 2 animación 3d\libraries\bullet-2.87\src\linearmath\btidebugdraw.h(171): warning C4305: 'argumento': truncamiento de 'double' a 'const btScalar'
  Platform.cpp
d:\universidad\4to\animacion 3d avanzada\2\documentation angel libs\práctica 2 animación 3d\libraries\bullet-2.87\src\linearmath\btidebugdraw.h(169): warning C4305: 'argumento': truncamiento de 'double' a 'const btScalar'
d:\universidad\4to\animacion 3d avanzada\2\documentation angel libs\práctica 2 animación 3d\libraries\bullet-2.87\src\linearmath\btidebugdraw.h(170): warning C4305: 'argumento': truncamiento de 'double' a 'const btScalar'
d:\universidad\4to\animacion 3d avanzada\2\documentation angel libs\práctica 2 animación 3d\libraries\bullet-2.87\src\linearmath\btidebugdraw.h(171): warning C4305: 'argumento': truncamiento de 'double' a 'const btScalar'
d:\universidad\4to\animacion 3d avanzada\2\documentation angel libs\práctica 2 animación 3d\code\source\platform.cpp(12): warning C4267: 'argumento': conversión de 'size_t' a '_Elem'; posible pérdida de datos
          with
          [
              _Elem=char
          ]
  Scene.cpp
d:\universidad\4to\animacion 3d avanzada\2\documentation angel libs\práctica 2 animación 3d\libraries\bullet-2.87\src\linearmath\btidebugdraw.h(169): warning C4305: 'argumento': truncamiento de 'double' a 'const btScalar'
d:\universidad\4to\animacion 3d avanzada\2\documentation angel libs\práctica 2 animación 3d\libraries\bullet-2.87\src\linearmath\btidebugdraw.h(170): warning C4305: 'argumento': truncamiento de 'double' a 'const btScalar'
d:\universidad\4to\animacion 3d avanzada\2\documentation angel libs\práctica 2 animación 3d\libraries\bullet-2.87\src\linearmath\btidebugdraw.h(171): warning C4305: 'argumento': truncamiento de 'double' a 'const btScalar'
  Generando código...
BulletDynamics-debug.lib(btConeTwistConstraint.obj) : warning LNK4099: no se encontró PDB 'BulletDynamics.pdb' con 'BulletDynamics-debug.lib(btConeTwistConstraint.obj)' o en 'D:\Universidad\4to\Animacion 3d avanzada\2\documentation angel libs\Práctica 2 Animación 3d\binaries\Debug\BulletDynamics.pdb'; se vinculará el objeto sin tener en cuenta información de depuración
BulletDynamics-debug.lib(btGeneric6DofConstraint.obj) : warning LNK4099: no se encontró PDB 'BulletDynamics.pdb' con 'BulletDynamics-debug.lib(btGeneric6DofConstraint.obj)' o en 'D:\Universidad\4to\Animacion 3d avanzada\2\documentation angel libs\Práctica 2 Animación 3d\binaries\Debug\BulletDynamics.pdb'; se vinculará el objeto sin tener en cuenta información de depuración
BulletDynamics-debug.lib(btGeneric6DofSpring2Constraint.obj) : warning LNK4099: no se encontró PDB 'BulletDynamics.pdb' con 'BulletDynamics-debug.lib(btGeneric6DofSpring2Constraint.obj)' o en 'D:\Universidad\4to\Animacion 3d avanzada\2\documentation angel libs\Práctica 2 Animación 3d\binaries\Debug\BulletDynamics.pdb'; se vinculará el objeto sin tener en cuenta información de depuración
BulletDynamics-debug.lib(btHinge2Constraint.obj) : warning LNK4099: no se encontró PDB 'BulletDynamics.pdb' con 'BulletDynamics-debug.lib(btHinge2Constraint.obj)' o en 'D:\Universidad\4to\Animacion 3d avanzada\2\documentation angel libs\Práctica 2 Animación 3d\binaries\Debug\BulletDynamics.pdb'; se vinculará el objeto sin tener en cuenta información de depuración
BulletDynamics-debug.lib(btHingeConstraint.obj) : warning LNK4099: no se encontró PDB 'BulletDynamics.pdb' con 'BulletDynamics-debug.lib(btHingeConstraint.obj)' o en 'D:\Universidad\4to\Animacion 3d avanzada\2\documentation angel libs\Práctica 2 Animación 3d\binaries\Debug\BulletDynamics.pdb'; se vinculará el objeto sin tener en cuenta información de depuración
BulletDynamics-debug.lib(btSequentialImpulseConstraintSolver.obj) : warning LNK4099: no se encontró PDB 'BulletDynamics.pdb' con 'BulletDynamics-debug.lib(btSequentialImpulseConstraintSolver.obj)' o en 'D:\Universidad\4to\Animacion 3d avanzada\2\documentation angel libs\Práctica 2 Animación 3d\binaries\Debug\BulletDynamics.pdb'; se vinculará el objeto sin tener en cuenta información de depuración
BulletDynamics-debug.lib(btTypedConstraint.obj) : warning LNK4099: no se encontró PDB 'BulletDynamics.pdb' con 'BulletDynamics-debug.lib(btTypedConstraint.obj)' o en 'D:\Universidad\4to\Animacion 3d avanzada\2\documentation angel libs\Práctica 2 Animación 3d\binaries\Debug\BulletDynamics.pdb'; se vinculará el objeto sin tener en cuenta información de depuración
BulletDynamics-debug.lib(btDiscreteDynamicsWorld.obj) : warning LNK4099: no se encontró PDB 'BulletDynamics.pdb' con 'BulletDynamics-debug.lib(btDiscreteDynamicsWorld.obj)' o en 'D:\Universidad\4to\Animacion 3d avanzada\2\documentation angel libs\Práctica 2 Animación 3d\binaries\Debug\BulletDynamics.pdb'; se vinculará el objeto sin tener en cuenta información de depuración
BulletDynamics-debug.lib(btRigidBody.obj) : warning LNK4099: no se encontró PDB 'BulletDynamics.pdb' con 'BulletDynamics-debug.lib(btRigidBody.obj)' o en 'D:\Universidad\4to\Animacion 3d avanzada\2\documentation angel libs\Práctica 2 Animación 3d\binaries\Debug\BulletDynamics.pdb'; se vinculará el objeto sin tener en cuenta información de depuración
BulletCollision-debug.lib(btCollisionAlgorithm.obj) : warning LNK4099: no se encontró PDB 'BulletCollision.pdb' con 'BulletCollision-debug.lib(btCollisionAlgorithm.obj)' o en 'D:\Universidad\4to\Animacion 3d avanzada\2\documentation angel libs\Práctica 2 Animación 3d\binaries\Debug\BulletCollision.pdb'; se vinculará el objeto sin tener en cuenta información de depuración
BulletCollision-debug.lib(btDbvt.obj) : warning LNK4099: no se encontró PDB 'BulletCollision.pdb' con 'BulletCollision-debug.lib(btDbvt.obj)' o en 'D:\Universidad\4to\Animacion 3d avanzada\2\documentation angel libs\Práctica 2 Animación 3d\binaries\Debug\BulletCollision.pdb'; se vinculará el objeto sin tener en cuenta información de depuración
BulletCollision-debug.lib(btDbvtBroadphase.obj) : warning LNK4099: no se encontró PDB 'BulletCollision.pdb' con 'BulletCollision-debug.lib(btDbvtBroadphase.obj)' o en 'D:\Universidad\4to\Animacion 3d avanzada\2\documentation angel libs\Práctica 2 Animación 3d\binaries\Debug\BulletCollision.pdb'; se vinculará el objeto sin tener en cuenta información de depuración
BulletCollision-debug.lib(btDispatcher.obj) : warning LNK4099: no se encontró PDB 'BulletCollision.pdb' con 'BulletCollision-debug.lib(btDispatcher.obj)' o en 'D:\Universidad\4to\Animacion 3d avanzada\2\documentation angel libs\Práctica 2 Animación 3d\binaries\Debug\BulletCollision.pdb'; se vinculará el objeto sin tener en cuenta información de depuración
BulletCollision-debug.lib(btOverlappingPairCache.obj) : warning LNK4099: no se encontró PDB 'BulletCollision.pdb' con 'BulletCollision-debug.lib(btOverlappingPairCache.obj)' o en 'D:\Universidad\4to\Animacion 3d avanzada\2\documentation angel libs\Práctica 2 Animación 3d\binaries\Debug\BulletCollision.pdb'; se vinculará el objeto sin tener en cuenta información de depuración
BulletCollision-debug.lib(btQuantizedBvh.obj) : warning LNK4099: no se encontró PDB 'BulletCollision.pdb' con 'BulletCollision-debug.lib(btQuantizedBvh.obj)' o en 'D:\Universidad\4to\Animacion 3d avanzada\2\documentation angel libs\Práctica 2 Animación 3d\binaries\Debug\BulletCollision.pdb'; se vinculará el objeto sin tener en cuenta información de depuración
BulletCollision-debug.lib(btActivatingCollisionAlgorithm.obj) : warning LNK4099: no se encontró PDB 'BulletCollision.pdb' con 'BulletCollision-debug.lib(btActivatingCollisionAlgorithm.obj)' o en 'D:\Universidad\4to\Animacion 3d avanzada\2\documentation angel libs\Práctica 2 Animación 3d\binaries\Debug\BulletCollision.pdb'; se vinculará el objeto sin tener en cuenta información de depuración
BulletCollision-debug.lib(btBoxBoxCollisionAlgorithm.obj) : warning LNK4099: no se encontró PDB 'BulletCollision.pdb' con 'BulletCollision-debug.lib(btBoxBoxCollisionAlgorithm.obj)' o en 'D:\Universidad\4to\Animacion 3d avanzada\2\documentation angel libs\Práctica 2 Animación 3d\binaries\Debug\BulletCollision.pdb'; se vinculará el objeto sin tener en cuenta información de depuración
BulletCollision-debug.lib(btBoxBoxDetector.obj) : warning LNK4099: no se encontró PDB 'BulletCollision.pdb' con 'BulletCollision-debug.lib(btBoxBoxDetector.obj)' o en 'D:\Universidad\4to\Animacion 3d avanzada\2\documentation angel libs\Práctica 2 Animación 3d\binaries\Debug\BulletCollision.pdb'; se vinculará el objeto sin tener en cuenta información de depuración
BulletCollision-debug.lib(btCollisionDispatcher.obj) : warning LNK4099: no se encontró PDB 'BulletCollision.pdb' con 'BulletCollision-debug.lib(btCollisionDispatcher.obj)' o en 'D:\Universidad\4to\Animacion 3d avanzada\2\documentation angel libs\Práctica 2 Animación 3d\binaries\Debug\BulletCollision.pdb'; se vinculará el objeto sin tener en cuenta información de depuración
BulletCollision-debug.lib(btCollisionObject.obj) : warning LNK4099: no se encontró PDB 'BulletCollision.pdb' con 'BulletCollision-debug.lib(btCollisionObject.obj)' o en 'D:\Universidad\4to\Animacion 3d avanzada\2\documentation angel libs\Práctica 2 Animación 3d\binaries\Debug\BulletCollision.pdb'; se vinculará el objeto sin tener en cuenta información de depuración
BulletCollision-debug.lib(btCollisionWorld.obj) : warning LNK4099: no se encontró PDB 'BulletCollision.pdb' con 'BulletCollision-debug.lib(btCollisionWorld.obj)' o en 'D:\Universidad\4to\Animacion 3d avanzada\2\documentation angel libs\Práctica 2 Animación 3d\binaries\Debug\BulletCollision.pdb'; se vinculará el objeto sin tener en cuenta información de depuración
BulletCollision-debug.lib(btCompoundCollisionAlgorithm.obj) : warning LNK4099: no se encontró PDB 'BulletCollision.pdb' con 'BulletCollision-debug.lib(btCompoundCollisionAlgorithm.obj)' o en 'D:\Universidad\4to\Animacion 3d avanzada\2\documentation angel libs\Práctica 2 Animación 3d\binaries\Debug\BulletCollision.pdb'; se vinculará el objeto sin tener en cuenta información de depuración
BulletCollision-debug.lib(btCompoundCompoundCollisionAlgorithm.obj) : warning LNK4099: no se encontró PDB 'BulletCollision.pdb' con 'BulletCollision-debug.lib(btCompoundCompoundCollisionAlgorithm.obj)' o en 'D:\Universidad\4to\Animacion 3d avanzada\2\documentation angel libs\Práctica 2 Animación 3d\binaries\Debug\BulletCollision.pdb'; se vinculará el objeto sin tener en cuenta información de depuración
BulletCollision-debug.lib(btConvexConcaveCollisionAlgorithm.obj) : warning LNK4099: no se encontró PDB 'BulletCollision.pdb' con 'BulletCollision-debug.lib(btConvexConcaveCollisionAlgorithm.obj)' o en 'D:\Universidad\4to\Animacion 3d avanzada\2\documentation angel libs\Práctica 2 Animación 3d\binaries\Debug\BulletCollision.pdb'; se vinculará el objeto sin tener en cuenta información de depuración
BulletCollision-debug.lib(btConvexConvexAlgorithm.obj) : warning LNK4099: no se encontró PDB 'BulletCollision.pdb' con 'BulletCollision-debug.lib(btConvexConvexAlgorithm.obj)' o en 'D:\Universidad\4to\Animacion 3d avanzada\2\documentation angel libs\Práctica 2 Animación 3d\binaries\Debug\BulletCollision.pdb'; se vinculará el objeto sin tener en cuenta información de depuración
BulletCollision-debug.lib(btConvexPlaneCollisionAlgorithm.obj) : warning LNK4099: no se encontró PDB 'BulletCollision.pdb' con 'BulletCollision-debug.lib(btConvexPlaneCollisionAlgorithm.obj)' o en 'D:\Universidad\4to\Animacion 3d avanzada\2\documentation angel libs\Práctica 2 Animación 3d\binaries\Debug\BulletCollision.pdb'; se vinculará el objeto sin tener en cuenta información de depuración
BulletCollision-debug.lib(btDefaultCollisionConfiguration.obj) : warning LNK4099: no se encontró PDB 'BulletCollision.pdb' con 'BulletCollision-debug.lib(btDefaultCollisionConfiguration.obj)' o en 'D:\Universidad\4to\Animacion 3d avanzada\2\documentation angel libs\Práctica 2 Animación 3d\binaries\Debug\BulletCollision.pdb'; se vinculará el objeto sin tener en cuenta información de depuración
BulletCollision-debug.lib(btEmptyCollisionAlgorithm.obj) : warning LNK4099: no se encontró PDB 'BulletCollision.pdb' con 'BulletCollision-debug.lib(btEmptyCollisionAlgorithm.obj)' o en 'D:\Universidad\4to\Animacion 3d avanzada\2\documentation angel libs\Práctica 2 Animación 3d\binaries\Debug\BulletCollision.pdb'; se vinculará el objeto sin tener en cuenta información de depuración
BulletCollision-debug.lib(btHashedSimplePairCache.obj) : warning LNK4099: no se encontró PDB 'BulletCollision.pdb' con 'BulletCollision-debug.lib(btHashedSimplePairCache.obj)' o en 'D:\Universidad\4to\Animacion 3d avanzada\2\documentation angel libs\Práctica 2 Animación 3d\binaries\Debug\BulletCollision.pdb'; se vinculará el objeto sin tener en cuenta información de depuración
BulletCollision-debug.lib(btManifoldResult.obj) : warning LNK4099: no se encontró PDB 'BulletCollision.pdb' con 'BulletCollision-debug.lib(btManifoldResult.obj)' o en 'D:\Universidad\4to\Animacion 3d avanzada\2\documentation angel libs\Práctica 2 Animación 3d\binaries\Debug\BulletCollision.pdb'; se vinculará el objeto sin tener en cuenta información de depuración
BulletCollision-debug.lib(btSimulationIslandManager.obj) : warning LNK4099: no se encontró PDB 'BulletCollision.pdb' con 'BulletCollision-debug.lib(btSimulationIslandManager.obj)' o en 'D:\Universidad\4to\Animacion 3d avanzada\2\documentation angel libs\Práctica 2 Animación 3d\binaries\Debug\BulletCollision.pdb'; se vinculará el objeto sin tener en cuenta información de depuración
BulletCollision-debug.lib(btSphereSphereCollisionAlgorithm.obj) : warning LNK4099: no se encontró PDB 'BulletCollision.pdb' con 'BulletCollision-debug.lib(btSphereSphereCollisionAlgorithm.obj)' o en 'D:\Universidad\4to\Animacion 3d avanzada\2\documentation angel libs\Práctica 2 Animación 3d\binaries\Debug\BulletCollision.pdb'; se vinculará el objeto sin tener en cuenta información de depuración
BulletCollision-debug.lib(btSphereTriangleCollisionAlgorithm.obj) : warning LNK4099: no se encontró PDB 'BulletCollision.pdb' con 'BulletCollision-debug.lib(btSphereTriangleCollisionAlgorithm.obj)' o en 'D:\Universidad\4to\Animacion 3d avanzada\2\documentation angel libs\Práctica 2 Animación 3d\binaries\Debug\BulletCollision.pdb'; se vinculará el objeto sin tener en cuenta información de depuración
BulletCollision-debug.lib(btUnionFind.obj) : warning LNK4099: no se encontró PDB 'BulletCollision.pdb' con 'BulletCollision-debug.lib(btUnionFind.obj)' o en 'D:\Universidad\4to\Animacion 3d avanzada\2\documentation angel libs\Práctica 2 Animación 3d\binaries\Debug\BulletCollision.pdb'; se vinculará el objeto sin tener en cuenta información de depuración
BulletCollision-debug.lib(SphereTriangleDetector.obj) : warning LNK4099: no se encontró PDB 'BulletCollision.pdb' con 'BulletCollision-debug.lib(SphereTriangleDetector.obj)' o en 'D:\Universidad\4to\Animacion 3d avanzada\2\documentation angel libs\Práctica 2 Animación 3d\binaries\Debug\BulletCollision.pdb'; se vinculará el objeto sin tener en cuenta información de depuración
BulletCollision-debug.lib(btBoxShape.obj) : warning LNK4099: no se encontró PDB 'BulletCollision.pdb' con 'BulletCollision-debug.lib(btBoxShape.obj)' o en 'D:\Universidad\4to\Animacion 3d avanzada\2\documentation angel libs\Práctica 2 Animación 3d\binaries\Debug\BulletCollision.pdb'; se vinculará el objeto sin tener en cuenta información de depuración
BulletCollision-debug.lib(btBvhTriangleMeshShape.obj) : warning LNK4099: no se encontró PDB 'BulletCollision.pdb' con 'BulletCollision-debug.lib(btBvhTriangleMeshShape.obj)' o en 'D:\Universidad\4to\Animacion 3d avanzada\2\documentation angel libs\Práctica 2 Animación 3d\binaries\Debug\BulletCollision.pdb'; se vinculará el objeto sin tener en cuenta información de depuración
BulletCollision-debug.lib(btCollisionShape.obj) : warning LNK4099: no se encontró PDB 'BulletCollision.pdb' con 'BulletCollision-debug.lib(btCollisionShape.obj)' o en 'D:\Universidad\4to\Animacion 3d avanzada\2\documentation angel libs\Práctica 2 Animación 3d\binaries\Debug\BulletCollision.pdb'; se vinculará el objeto sin tener en cuenta información de depuración
BulletCollision-debug.lib(btConcaveShape.obj) : warning LNK4099: no se encontró PDB 'BulletCollision.pdb' con 'BulletCollision-debug.lib(btConcaveShape.obj)' o en 'D:\Universidad\4to\Animacion 3d avanzada\2\documentation angel libs\Práctica 2 Animación 3d\binaries\Debug\BulletCollision.pdb'; se vinculará el objeto sin tener en cuenta información de depuración
BulletCollision-debug.lib(btConvexInternalShape.obj) : warning LNK4099: no se encontró PDB 'BulletCollision.pdb' con 'BulletCollision-debug.lib(btConvexInternalShape.obj)' o en 'D:\Universidad\4to\Animacion 3d avanzada\2\documentation angel libs\Práctica 2 Animación 3d\binaries\Debug\BulletCollision.pdb'; se vinculará el objeto sin tener en cuenta información de depuración
BulletCollision-debug.lib(btConvexPolyhedron.obj) : warning LNK4099: no se encontró PDB 'BulletCollision.pdb' con 'BulletCollision-debug.lib(btConvexPolyhedron.obj)' o en 'D:\Universidad\4to\Animacion 3d avanzada\2\documentation angel libs\Práctica 2 Animación 3d\binaries\Debug\BulletCollision.pdb'; se vinculará el objeto sin tener en cuenta información de depuración
BulletCollision-debug.lib(btConvexShape.obj) : warning LNK4099: no se encontró PDB 'BulletCollision.pdb' con 'BulletCollision-debug.lib(btConvexShape.obj)' o en 'D:\Universidad\4to\Animacion 3d avanzada\2\documentation angel libs\Práctica 2 Animación 3d\binaries\Debug\BulletCollision.pdb'; se vinculará el objeto sin tener en cuenta información de depuración
BulletCollision-debug.lib(btOptimizedBvh.obj) : warning LNK4099: no se encontró PDB 'BulletCollision.pdb' con 'BulletCollision-debug.lib(btOptimizedBvh.obj)' o en 'D:\Universidad\4to\Animacion 3d avanzada\2\documentation angel libs\Práctica 2 Animación 3d\binaries\Debug\BulletCollision.pdb'; se vinculará el objeto sin tener en cuenta información de depuración
BulletCollision-debug.lib(btPolyhedralConvexShape.obj) : warning LNK4099: no se encontró PDB 'BulletCollision.pdb' con 'BulletCollision-debug.lib(btPolyhedralConvexShape.obj)' o en 'D:\Universidad\4to\Animacion 3d avanzada\2\documentation angel libs\Práctica 2 Animación 3d\binaries\Debug\BulletCollision.pdb'; se vinculará el objeto sin tener en cuenta información de depuración
BulletCollision-debug.lib(btSphereShape.obj) : warning LNK4099: no se encontró PDB 'BulletCollision.pdb' con 'BulletCollision-debug.lib(btSphereShape.obj)' o en 'D:\Universidad\4to\Animacion 3d avanzada\2\documentation angel libs\Práctica 2 Animación 3d\binaries\Debug\BulletCollision.pdb'; se vinculará el objeto sin tener en cuenta información de depuración
BulletCollision-debug.lib(btTriangleCallback.obj) : warning LNK4099: no se encontró PDB 'BulletCollision.pdb' con 'BulletCollision-debug.lib(btTriangleCallback.obj)' o en 'D:\Universidad\4to\Animacion 3d avanzada\2\documentation angel libs\Práctica 2 Animación 3d\binaries\Debug\BulletCollision.pdb'; se vinculará el objeto sin tener en cuenta información de depuración
BulletCollision-debug.lib(btTriangleMeshShape.obj) : warning LNK4099: no se encontró PDB 'BulletCollision.pdb' con 'BulletCollision-debug.lib(btTriangleMeshShape.obj)' o en 'D:\Universidad\4to\Animacion 3d avanzada\2\documentation angel libs\Práctica 2 Animación 3d\binaries\Debug\BulletCollision.pdb'; se vinculará el objeto sin tener en cuenta información de depuración
BulletCollision-debug.lib(btContinuousConvexCollision.obj) : warning LNK4099: no se encontró PDB 'BulletCollision.pdb' con 'BulletCollision-debug.lib(btContinuousConvexCollision.obj)' o en 'D:\Universidad\4to\Animacion 3d avanzada\2\documentation angel libs\Práctica 2 Animación 3d\binaries\Debug\BulletCollision.pdb'; se vinculará el objeto sin tener en cuenta información de depuración
BulletCollision-debug.lib(btConvexCast.obj) : warning LNK4099: no se encontró PDB 'BulletCollision.pdb' con 'BulletCollision-debug.lib(btConvexCast.obj)' o en 'D:\Universidad\4to\Animacion 3d avanzada\2\documentation angel libs\Práctica 2 Animación 3d\binaries\Debug\BulletCollision.pdb'; se vinculará el objeto sin tener en cuenta información de depuración
BulletCollision-debug.lib(btGjkConvexCast.obj) : warning LNK4099: no se encontró PDB 'BulletCollision.pdb' con 'BulletCollision-debug.lib(btGjkConvexCast.obj)' o en 'D:\Universidad\4to\Animacion 3d avanzada\2\documentation angel libs\Práctica 2 Animación 3d\binaries\Debug\BulletCollision.pdb'; se vinculará el objeto sin tener en cuenta información de depuración
BulletCollision-debug.lib(btGjkEpa2.obj) : warning LNK4099: no se encontró PDB 'BulletCollision.pdb' con 'BulletCollision-debug.lib(btGjkEpa2.obj)' o en 'D:\Universidad\4to\Animacion 3d avanzada\2\documentation angel libs\Práctica 2 Animación 3d\binaries\Debug\BulletCollision.pdb'; se vinculará el objeto sin tener en cuenta información de depuración
BulletCollision-debug.lib(btGjkEpaPenetrationDepthSolver.obj) : warning LNK4099: no se encontró PDB 'BulletCollision.pdb' con 'BulletCollision-debug.lib(btGjkEpaPenetrationDepthSolver.obj)' o en 'D:\Universidad\4to\Animacion 3d avanzada\2\documentation angel libs\Práctica 2 Animación 3d\binaries\Debug\BulletCollision.pdb'; se vinculará el objeto sin tener en cuenta información de depuración
BulletCollision-debug.lib(btGjkPairDetector.obj) : warning LNK4099: no se encontró PDB 'BulletCollision.pdb' con 'BulletCollision-debug.lib(btGjkPairDetector.obj)' o en 'D:\Universidad\4to\Animacion 3d avanzada\2\documentation angel libs\Práctica 2 Animación 3d\binaries\Debug\BulletCollision.pdb'; se vinculará el objeto sin tener en cuenta información de depuración
BulletCollision-debug.lib(btMinkowskiPenetrationDepthSolver.obj) : warning LNK4099: no se encontró PDB 'BulletCollision.pdb' con 'BulletCollision-debug.lib(btMinkowskiPenetrationDepthSolver.obj)' o en 'D:\Universidad\4to\Animacion 3d avanzada\2\documentation angel libs\Práctica 2 Animación 3d\binaries\Debug\BulletCollision.pdb'; se vinculará el objeto sin tener en cuenta información de depuración
BulletCollision-debug.lib(btPersistentManifold.obj) : warning LNK4099: no se encontró PDB 'BulletCollision.pdb' con 'BulletCollision-debug.lib(btPersistentManifold.obj)' o en 'D:\Universidad\4to\Animacion 3d avanzada\2\documentation angel libs\Práctica 2 Animación 3d\binaries\Debug\BulletCollision.pdb'; se vinculará el objeto sin tener en cuenta información de depuración
BulletCollision-debug.lib(btRaycastCallback.obj) : warning LNK4099: no se encontró PDB 'BulletCollision.pdb' con 'BulletCollision-debug.lib(btRaycastCallback.obj)' o en 'D:\Universidad\4to\Animacion 3d avanzada\2\documentation angel libs\Práctica 2 Animación 3d\binaries\Debug\BulletCollision.pdb'; se vinculará el objeto sin tener en cuenta información de depuración
BulletCollision-debug.lib(btSubSimplexConvexCast.obj) : warning LNK4099: no se encontró PDB 'BulletCollision.pdb' con 'BulletCollision-debug.lib(btSubSimplexConvexCast.obj)' o en 'D:\Universidad\4to\Animacion 3d avanzada\2\documentation angel libs\Práctica 2 Animación 3d\binaries\Debug\BulletCollision.pdb'; se vinculará el objeto sin tener en cuenta información de depuración
BulletCollision-debug.lib(btVoronoiSimplexSolver.obj) : warning LNK4099: no se encontró PDB 'BulletCollision.pdb' con 'BulletCollision-debug.lib(btVoronoiSimplexSolver.obj)' o en 'D:\Universidad\4to\Animacion 3d avanzada\2\documentation angel libs\Práctica 2 Animación 3d\binaries\Debug\BulletCollision.pdb'; se vinculará el objeto sin tener en cuenta información de depuración
BulletCollision-debug.lib(btPolyhedralContactClipping.obj) : warning LNK4099: no se encontró PDB 'BulletCollision.pdb' con 'BulletCollision-debug.lib(btPolyhedralContactClipping.obj)' o en 'D:\Universidad\4to\Animacion 3d avanzada\2\documentation angel libs\Práctica 2 Animación 3d\binaries\Debug\BulletCollision.pdb'; se vinculará el objeto sin tener en cuenta información de depuración
LinearMath-debug.lib(btAlignedAllocator.obj) : warning LNK4099: no se encontró PDB 'LinearMath.pdb' con 'LinearMath-debug.lib(btAlignedAllocator.obj)' o en 'D:\Universidad\4to\Animacion 3d avanzada\2\documentation angel libs\Práctica 2 Animación 3d\binaries\Debug\LinearMath.pdb'; se vinculará el objeto sin tener en cuenta información de depuración
LinearMath-debug.lib(btConvexHullComputer.obj) : warning LNK4099: no se encontró PDB 'LinearMath.pdb' con 'LinearMath-debug.lib(btConvexHullComputer.obj)' o en 'D:\Universidad\4to\Animacion 3d avanzada\2\documentation angel libs\Práctica 2 Animación 3d\binaries\Debug\LinearMath.pdb'; se vinculará el objeto sin tener en cuenta información de depuración
LinearMath-debug.lib(btGeometryUtil.obj) : warning LNK4099: no se encontró PDB 'LinearMath.pdb' con 'LinearMath-debug.lib(btGeometryUtil.obj)' o en 'D:\Universidad\4to\Animacion 3d avanzada\2\documentation angel libs\Práctica 2 Animación 3d\binaries\Debug\LinearMath.pdb'; se vinculará el objeto sin tener en cuenta información de depuración
LinearMath-debug.lib(btQuickprof.obj) : warning LNK4099: no se encontró PDB 'LinearMath.pdb' con 'LinearMath-debug.lib(btQuickprof.obj)' o en 'D:\Universidad\4to\Animacion 3d avanzada\2\documentation angel libs\Práctica 2 Animación 3d\binaries\Debug\LinearMath.pdb'; se vinculará el objeto sin tener en cuenta información de depuración
LinearMath-debug.lib(btVector3.obj) : warning LNK4099: no se encontró PDB 'LinearMath.pdb' con 'LinearMath-debug.lib(btVector3.obj)' o en 'D:\Universidad\4to\Animacion 3d avanzada\2\documentation angel libs\Práctica 2 Animación 3d\binaries\Debug\LinearMath.pdb'; se vinculará el objeto sin tener en cuenta información de depuración
OpenGL Toolkit Debug.lib(Light.obj) : warning LNK4099: no se encontró PDB 'OpenGL Toolkit.pdb' con 'OpenGL Toolkit Debug.lib(Light.obj)' o en 'D:\Universidad\4to\Animacion 3d avanzada\2\documentation angel libs\Práctica 2 Animación 3d\binaries\Debug\OpenGL Toolkit.pdb'; se vinculará el objeto sin tener en cuenta información de depuración
OpenGL Toolkit Debug.lib(Material.obj) : warning LNK4099: no se encontró PDB 'OpenGL Toolkit.pdb' con 'OpenGL Toolkit Debug.lib(Material.obj)' o en 'D:\Universidad\4to\Animacion 3d avanzada\2\documentation angel libs\Práctica 2 Animación 3d\binaries\Debug\OpenGL Toolkit.pdb'; se vinculará el objeto sin tener en cuenta información de depuración
OpenGL Toolkit Debug.lib(Model_Obj.obj) : warning LNK4099: no se encontró PDB 'OpenGL Toolkit.pdb' con 'OpenGL Toolkit Debug.lib(Model_Obj.obj)' o en 'D:\Universidad\4to\Animacion 3d avanzada\2\documentation angel libs\Práctica 2 Animación 3d\binaries\Debug\OpenGL Toolkit.pdb'; se vinculará el objeto sin tener en cuenta información de depuración
OpenGL Toolkit Debug.lib(OpenGL.obj) : warning LNK4099: no se encontró PDB 'OpenGL Toolkit.pdb' con 'OpenGL Toolkit Debug.lib(OpenGL.obj)' o en 'D:\Universidad\4to\Animacion 3d avanzada\2\documentation angel libs\Práctica 2 Animación 3d\binaries\Debug\OpenGL Toolkit.pdb'; se vinculará el objeto sin tener en cuenta información de depuración
OpenGL Toolkit Debug.lib(Render_Node.obj) : warning LNK4099: no se encontró PDB 'OpenGL Toolkit.pdb' con 'OpenGL Toolkit Debug.lib(Render_Node.obj)' o en 'D:\Universidad\4to\Animacion 3d avanzada\2\documentation angel libs\Práctica 2 Animación 3d\binaries\Debug\OpenGL Toolkit.pdb'; se vinculará el objeto sin tener en cuenta información de depuración
OpenGL Toolkit Debug.lib(Shader.obj) : warning LNK4099: no se encontró PDB 'OpenGL Toolkit.pdb' con 'OpenGL Toolkit Debug.lib(Shader.obj)' o en 'D:\Universidad\4to\Animacion 3d avanzada\2\documentation angel libs\Práctica 2 Animación 3d\binaries\Debug\OpenGL Toolkit.pdb'; se vinculará el objeto sin tener en cuenta información de depuración
OpenGL Toolkit Debug.lib(Shader_Program.obj) : warning LNK4099: no se encontró PDB 'OpenGL Toolkit.pdb' con 'OpenGL Toolkit Debug.lib(Shader_Program.obj)' o en 'D:\Universidad\4to\Animacion 3d avanzada\2\documentation angel libs\Práctica 2 Animación 3d\binaries\Debug\OpenGL Toolkit.pdb'; se vinculará el objeto sin tener en cuenta información de depuración
OpenGL Toolkit Debug.lib(Vertex_Array_Object.obj) : warning LNK4099: no se encontró PDB 'OpenGL Toolkit.pdb' con 'OpenGL Toolkit Debug.lib(Vertex_Array_Object.obj)' o en 'D:\Universidad\4to\Animacion 3d avanzada\2\documentation angel libs\Práctica 2 Animación 3d\binaries\Debug\OpenGL Toolkit.pdb'; se vinculará el objeto sin tener en cuenta información de depuración
OpenGL Toolkit Debug.lib(Vertex_Buffer_Object.obj) : warning LNK4099: no se encontró PDB 'OpenGL Toolkit.pdb' con 'OpenGL Toolkit Debug.lib(Vertex_Buffer_Object.obj)' o en 'D:\Universidad\4to\Animacion 3d avanzada\2\documentation angel libs\Práctica 2 Animación 3d\binaries\Debug\OpenGL Toolkit.pdb'; se vinculará el objeto sin tener en cuenta información de depuración
OpenGL Toolkit Debug.lib(glad.obj) : warning LNK4099: no se encontró PDB 'OpenGL Toolkit.pdb' con 'OpenGL Toolkit Debug.lib(glad.obj)' o en 'D:\Universidad\4to\Animacion 3d avanzada\2\documentation angel libs\Práctica 2 Animación 3d\binaries\Debug\OpenGL Toolkit.pdb'; se vinculará el objeto sin tener en cuenta información de depuración
  Rigid Bodies.vcxproj -> D:\Universidad\4to\Animacion 3d avanzada\2\documentation angel libs\Práctica 2 Animación 3d\projects\vs-2017\../../binaries/Debug\Rigid Bodies.exe
